<?xml version="1.0" encoding="UTF-8"?>
<testng-results ignored="0" total="1" passed="1" failed="0" skipped="0">
  <reporter-output>
  </reporter-output>
  <suite started-at="2026-02-24T12:25:19 IST" name="SeleniumTestNGSuite" finished-at="2026-02-24T12:37:20 IST" duration-ms="721572">
    <groups>
    </groups>
    <test started-at="2026-02-24T12:25:19 IST" name="AnchorTagsTest" finished-at="2026-02-24T12:37:20 IST" duration-ms="721572">
      <class name="com.example.AnchorTagTest">
        <test-method is-config="true" signature="setUp()[pri:0, instance:com.example.AnchorTagTest@2f7298b]" started-at="2026-02-24T12:25:19 IST" name="setUp" finished-at="2026-02-24T12:26:04 IST" duration-ms="44717" status="PASS">
          <reporter-output>
          </reporter-output>
        </test-method> <!-- setUp -->
        <test-method signature="testAllAnchorTags()[pri:0, instance:com.example.AnchorTagTest@2f7298b]" started-at="2026-02-24T12:26:04 IST" name="testAllAnchorTags" finished-at="2026-02-24T12:37:20 IST" duration-ms="676246" status="PASS">
          <reporter-output>
          </reporter-output>
        </test-method> <!-- testAllAnchorTags -->
        <test-method is-config="true" signature="tearDown()[pri:0, instance:com.example.AnchorTagTest@2f7298b]" started-at="2026-02-24T12:37:20 IST" name="tearDown" finished-at="2026-02-24T12:37:20 IST" duration-ms="579" status="PASS">
          <reporter-output>
          </reporter-output>
        </test-method> <!-- tearDown -->
      </class> <!-- com.example.AnchorTagTest -->
    </test> <!-- AnchorTagsTest -->
  </suite> <!-- SeleniumTestNGSuite -->
</testng-results>
